installing R.css in F:/work/RForge/fda.Rcheck


---------- Making package fda ------------
  adding build stamp to DESCRIPTION
  installing NAMESPACE file and metadata
  installing R files
  installing demos
  installing inst files
  installing data files
  preparing package fda for lazy loading
Loading required package: splines
Loading required package: zoo

Attaching package: 'zoo'


	The following object(s) are masked from package:base :

	 as.Date.numeric 

  preparing package fda for lazy data loading
  installing man source files
  installing indices
  installing help
 >>> Building/Updating help pages for package 'fda'
     Formats: text html latex example chm 
  CSTR                              text    html    latex   example chm
  CanadianWeather                   text    html    latex   example chm
  Data2fd                           text    html    latex   example chm
  Eigen                             text    html    latex   example chm
  Fperm.fd                          text    html    latex           chm
  Fstat.fd                          text    html    latex           chm
  Lfd                               text    html    latex   example chm
  TaylorSpline                      text    html    latex   example chm
  argvalsy.swap                     text    html    latex   example chm
  arithmetic.basisfd                text    html    latex           chm
  arithmetic.fd                     text    html    latex   example chm
  as.array3                         text    html    latex   example chm
  as.fd                             text    html    latex   example chm
  axisIntervals                     text    html    latex   example chm
  basisfd                           text    html    latex           chm
  basisfd.product                   text    html    latex           chm
  bifd                              text    html    latex   example chm
  bsplineS                          text    html    latex   example chm
  bsplinepen                        text    html    latex   example chm
  cca.fd                            text    html    latex   example chm
  center.fd                         text    html    latex   example chm
  checkDims3                        text    html    latex   example chm
  checkLogicalInteger               text    html    latex   example chm
  coef                              text    html    latex   example chm
  cor.fd                            text    html    latex   example chm
  create.bspline.basis              text    html    latex   example chm
  create.constant.basis             text    html    latex   example chm
  create.exponential.basis          text    html    latex   example chm
  create.fourier.basis              text    html    latex   example chm
  create.monomial.basis             text    html    latex   example chm
  create.polygonal.basis            text    html    latex   example chm
  create.polynomial.basis           text    html    latex   example chm
  create.power.basis                text    html    latex   example chm
  cycleplot.fd                      text    html    latex           chm
  data2fd.old                       text    html    latex   example chm
  dateAccessories                   text    html    latex   example chm
  density.fd                        text    html    latex   example chm
  deriv.fd                          text    html    latex   example chm
  df2lambda                         text    html    latex   example chm
  dirs                              text    html    latex   example chm
  eval.basis                        text    html    latex   example chm
  eval.bifd                         text    html    latex   example chm
  eval.fd                           text    html    latex   example chm
  eval.monfd                        text    html    latex   example chm
  eval.penalty                      text    html    latex           chm
  eval.posfd                        text    html    latex           chm
  evaldiag.bifd                     text    html    latex           chm
  expect.phi                        text    html    latex           chm
  expon                             text    html    latex           chm
  exponpen                          text    html    latex   example chm
  fRegress.CV                       text    html    latex   example chm
  fRegress                          text    html    latex   example chm
  fRegress.stderr                   text    html    latex   example chm
  fd                                text    html    latex   example chm
  fdPar                             text    html    latex   example chm
  fda-internal                      text    html    latex           chm
  fda-package                       text    html    latex   example chm
  fdaMatlabPath                     text    html    latex   example chm
  file.copy2                        text    html    latex   example chm
  fourier                           text    html    latex   example chm
  fourierpen                        text    html    latex   example chm
  gait                              text    html    latex   example chm
  getbasismatrix                    text    html    latex   example chm
  getbasispenalty                   text    html    latex   example chm
  getbasisrange                     text    html    latex           chm
  growth                            text    html    latex   example chm
  handwrit                          text    html    latex   example chm
  inprod.Bspline                    text    html    latex           chm
  inprod                            text    html    latex           chm
  int2Lfd                           text    html    latex           chm
  intensity.fd                      text    html    latex   example chm
  is.Lfd                            text    html    latex           chm
  is.basis                          text    html    latex           chm
  is.fd                             text    html    latex           chm
  is.fdPar                          text    html    latex           chm
  knots.fd                          text    html    latex   example chm
  lambda2df                         text    html    latex           chm
  lambda2gcv                        text    html    latex           chm
  landmarkreg                       text    html    latex   example chm
  lines.fd                          text    html    latex   example chm
  linmod                            text    html    latex   example chm
  lip                               text    html    latex   example chm
  lmWinsor                          text    html    latex   example chm
  lmeWinsor                         text    html    latex   example chm
  mean.fd                           text    html    latex   example chm
  melanoma                          text    html    latex   example chm
  monomial                          text    html    latex   example chm
  monomialpen                       text    html    latex   example chm
  nondurables                       text    html    latex   example chm
  norder                            text    html    latex   example chm
  objAndNames                       text    html    latex   example chm
  odesolv                           text    html    latex   example chm
  onechild                          text    html    latex   example chm
  pca.fd                            text    html    latex   example chm
  pda.fd                            text    html    latex   example chm
  phaseplanePlot                    text    html    latex   example chm
  pinch                             text    html    latex   example chm
  plot.basisfd                      text    html    latex   example chm
  plot.fd                           text    html    latex   example chm
  plot.lmWinsor                     text    html    latex   example chm
  plot.pca.fd                       text    html    latex   example chm
  plotfit.fd                        text    html    latex   example chm
  plotscores                        text    html    latex           chm
  polyg                             text    html    latex   example chm
  polygpen                          text    html    latex   example chm
  powerbasis                        text    html    latex   example chm
  powerpen                          text    html    latex   example chm
  predict.lmWinsor                  text    html    latex   example chm
  predict.lmeWinsor                 text    html    latex   example chm
  project.basis                     text    html    latex           chm
  quadset                           text    html    latex   example chm
  refinery                          text    html    latex   example chm
  register.fd                       text    html    latex   example chm
  sd                                text    html    latex   example chm
  smooth.basis                      text    html    latex   example chm
  smooth.basisPar                   text    html    latex   example chm
  smooth.fd                         text    html    latex   example chm
  smooth.fdPar                      text    html    latex   example chm
  smooth.monotone                   text    html    latex   example chm
  smooth.morph                      text    html    latex           chm
  smooth.pos                        text    html    latex   example chm
  sum.fd                            text    html    latex           chm
  summary.Lfd                       text    html    latex           chm
  summary.basisfd                   text    html    latex           chm
  summary.bifd                      text    html    latex           chm
  summary.fd                        text    html    latex           chm
  summary.fdPar                     text    html    latex           chm
  svd2                              text    html    latex           chm
  tperm.fd                          text    html    latex           chm
  var.fd                            text    html    latex   example chm
  varmx                             text    html    latex           chm
  varmx.cca.fd                      text    html    latex           chm
  varmx.pca.fd                      text    html    latex           chm
  vec2Lfd                           text    html    latex   example chm
  zerofind                          text    html    latex   example chm
hhc: not found
CHM compile failed: HTML Help Workshop not installed?
  adding MD5 sums

* DONE (fda)
