This is pdfTeX, Version 3.1415926-1.40.8-beta-20080627 (MiKTeX 2.7) (preloaded format=pdflatex 2008.9.15)  17 NOV 2008 20:23
entering extended mode
**\nonstopmode{}\input{fda-manual.tex}
(fda-manual.tex ("C:\Program Files\MiKTeX 2.7\tex\latex\base\article.cls"
Document Class: article 2005/09/16 v1.4f Standard LaTeX document class
("C:\Program Files\MiKTeX 2.7\tex\latex\base\size10.clo"
File: size10.clo 2005/09/16 v1.4f Standard LaTeX file (size option)
)
\c@part=\count79
\c@section=\count80
\c@subsection=\count81
\c@subsubsection=\count82
\c@paragraph=\count83
\c@subparagraph=\count84
\c@figure=\count85
\c@table=\count86
\abovecaptionskip=\skip41
\belowcaptionskip=\skip42
\bibindent=\dimen102
)
(C:\PROGRA~1\R\share\texmf\Rd.sty
Package: Rd 

("C:\Program Files\MiKTeX 2.7\tex\latex\base\ifthen.sty"
Package: ifthen 2001/05/26 v1.1c Standard LaTeX ifthen package (DPC)
)
("C:\Program Files\MiKTeX 2.7\tex\latex\tools\longtable.sty"
Package: longtable 2004/02/01 v4.11 Multi-page Table package (DPC)
\LTleft=\skip43
\LTright=\skip44
\LTpre=\skip45
\LTpost=\skip46
\LTchunksize=\count87
\LTcapwidth=\dimen103
\LT@head=\box26
\LT@firsthead=\box27
\LT@foot=\box28
\LT@lastfoot=\box29
\LT@cols=\count88
\LT@rows=\count89
\c@LT@tables=\count90
\c@LT@chunks=\count91
\LT@p@ftn=\toks14
)
("C:\Program Files\MiKTeX 2.7\tex\latex\tools\bm.sty"
Package: bm 2004/02/26 v1.1c Bold Symbol Support (DPC/FMi)
\symboldoperators=\mathgroup4
\symboldletters=\mathgroup5
\symboldsymbols=\mathgroup6
LaTeX Font Info:    Redeclaring math alphabet \mathbf on input line 137.
LaTeX Info: Redefining \bm on input line 203.
)
("C:\Program Files\MiKTeX 2.7\tex\latex\base\alltt.sty"
Package: alltt 1997/06/16 v2.0g defines alltt environment
)
("C:\Program Files\MiKTeX 2.7\tex\latex\tools\verbatim.sty"
Package: verbatim 2003/08/22 v1.5q LaTeX2e package for verbatim enhancements
\every@verbatim=\toks15
\verbatim@line=\toks16
\verbatim@in@stream=\read1
)
("C:\Program Files\MiKTeX 2.7\tex\latex\ltxmisc\url.sty"
\Urlmuskip=\muskip10
Package: url 2006/04/12  ver 3.3  Verb mode for urls, etc.
)
(C:\PROGRA~1\R\share\texmf\upquote.sty
Package: upquote 2003/08/11 v1.1 Covington's upright-quote modification to verb
atim and verb

("C:\Program Files\MiKTeX 2.7\tex\latex\base\textcomp.sty"
Package: textcomp 2005/09/27 v1.99g Standard LaTeX package
Package textcomp Info: Sub-encoding information:
(textcomp)               5 = only ISO-Adobe without \textcurrency
(textcomp)               4 = 5 + \texteuro
(textcomp)               3 = 4 + \textohm
(textcomp)               2 = 3 + \textestimated + \textcurrency
(textcomp)               1 = TS1 - \textcircled - \t
(textcomp)               0 = TS1 (full)
(textcomp)             Font families with sub-encoding setting implement
(textcomp)             only a restricted character set as indicated.
(textcomp)             Family '?' is the default used for unknown fonts.
(textcomp)             See the documentation for details.
Package textcomp Info: Setting ? sub-encoding to TS1/1 on input line 71.

("C:\Program Files\MiKTeX 2.7\tex\latex\base\ts1enc.def"
File: ts1enc.def 2001/06/05 v3.0e (jk/car/fm) Standard LaTeX file
)
LaTeX Info: Redefining \oldstylenums on input line 266.
Package textcomp Info: Setting cmr sub-encoding to TS1/0 on input line 281.
Package textcomp Info: Setting cmss sub-encoding to TS1/0 on input line 282.
Package textcomp Info: Setting cmtt sub-encoding to TS1/0 on input line 283.
Package textcomp Info: Setting cmvtt sub-encoding to TS1/0 on input line 284.
Package textcomp Info: Setting cmbr sub-encoding to TS1/0 on input line 285.
Package textcomp Info: Setting cmtl sub-encoding to TS1/0 on input line 286.
Package textcomp Info: Setting ccr sub-encoding to TS1/0 on input line 287.
Package textcomp Info: Setting ptm sub-encoding to TS1/4 on input line 288.
Package textcomp Info: Setting pcr sub-encoding to TS1/4 on input line 289.
Package textcomp Info: Setting phv sub-encoding to TS1/4 on input line 290.
Package textcomp Info: Setting ppl sub-encoding to TS1/3 on input line 291.
Package textcomp Info: Setting pag sub-encoding to TS1/4 on input line 292.
Package textcomp Info: Setting pbk sub-encoding to TS1/4 on input line 293.
Package textcomp Info: Setting pnc sub-encoding to TS1/4 on input line 294.
Package textcomp Info: Setting pzc sub-encoding to TS1/4 on input line 295.
Package textcomp Info: Setting bch sub-encoding to TS1/4 on input line 296.
Package textcomp Info: Setting put sub-encoding to TS1/5 on input line 297.
Package textcomp Info: Setting uag sub-encoding to TS1/5 on input line 298.
Package textcomp Info: Setting ugq sub-encoding to TS1/5 on input line 299.
Package textcomp Info: Setting ul8 sub-encoding to TS1/4 on input line 300.
Package textcomp Info: Setting ul9 sub-encoding to TS1/4 on input line 301.
Package textcomp Info: Setting augie sub-encoding to TS1/5 on input line 302.
Package textcomp Info: Setting dayrom sub-encoding to TS1/3 on input line 303.
Package textcomp Info: Setting dayroms sub-encoding to TS1/3 on input line 304.

Package textcomp Info: Setting pxr sub-encoding to TS1/0 on input line 305.
Package textcomp Info: Setting pxss sub-encoding to TS1/0 on input line 306.
Package textcomp Info: Setting pxtt sub-encoding to TS1/0 on input line 307.
Package textcomp Info: Setting txr sub-encoding to TS1/0 on input line 308.
Package textcomp Info: Setting txss sub-encoding to TS1/0 on input line 309.
Package textcomp Info: Setting txtt sub-encoding to TS1/0 on input line 310.
Package textcomp Info: Setting futs sub-encoding to TS1/4 on input line 311.
Package textcomp Info: Setting futx sub-encoding to TS1/4 on input line 312.
Package textcomp Info: Setting futj sub-encoding to TS1/4 on input line 313.
Package textcomp Info: Setting hlh sub-encoding to TS1/3 on input line 314.
Package textcomp Info: Setting hls sub-encoding to TS1/3 on input line 315.
Package textcomp Info: Setting hlst sub-encoding to TS1/3 on input line 316.
Package textcomp Info: Setting hlct sub-encoding to TS1/5 on input line 317.
Package textcomp Info: Setting hlx sub-encoding to TS1/5 on input line 318.
Package textcomp Info: Setting hlce sub-encoding to TS1/5 on input line 319.
Package textcomp Info: Setting hlcn sub-encoding to TS1/5 on input line 320.
Package textcomp Info: Setting hlcw sub-encoding to TS1/5 on input line 321.
Package textcomp Info: Setting hlcf sub-encoding to TS1/5 on input line 322.
Package textcomp Info: Setting pplx sub-encoding to TS1/3 on input line 323.
Package textcomp Info: Setting pplj sub-encoding to TS1/3 on input line 324.
Package textcomp Info: Setting ptmx sub-encoding to TS1/4 on input line 325.
Package textcomp Info: Setting ptmj sub-encoding to TS1/4 on input line 326.
))
\ldescriptionwidth=\skip47

("C:\Program Files\MiKTeX 2.7\tex\latex\base\fontenc.sty"
Package: fontenc 2005/09/27 v1.99g Standard LaTeX package

("C:\Program Files\MiKTeX 2.7\tex\latex\base\t1enc.def"
File: t1enc.def 2005/09/27 v1.99g Standard LaTeX file
LaTeX Font Info:    Redeclaring font encoding T1 on input line 43.
))
("C:\Program Files\MiKTeX 2.7\tex\latex\ae\ae.sty"
Package: ae 2001/02/12 1.3 Almost European Computer Modern

("C:\Program Files\MiKTeX 2.7\tex\latex\base\fontenc.sty"
Package: fontenc 2005/09/27 v1.99g Standard LaTeX package

("C:\Program Files\MiKTeX 2.7\tex\latex\base\t1enc.def"
File: t1enc.def 2005/09/27 v1.99g Standard LaTeX file
LaTeX Font Info:    Redeclaring font encoding T1 on input line 43.
)
LaTeX Font Info:    Try loading font information for T1+aer on input line 100.

("C:\Program Files\MiKTeX 2.7\tex\latex\ae\t1aer.fd"
File: t1aer.fd 1997/11/16 Font definitions for T1/aer.
)))
("C:\Program Files\MiKTeX 2.7\tex\latex\ae\t1aett.fd"
File: t1aett.fd 1997/11/16 Font definitions for T1/aett.
) NOT loading times
NOT loading lmodern ("C:\Program Files\MiKTeX 2.7\tex\latex\graphics\color.sty"
Package: color 2005/11/14 v1.0j Standard LaTeX Color (DPC)
("C:\Program Files\MiKTeX 2.7\tex\latex\00miktex\color.cfg"
File: color.cfg 2007/01/18 v1.5 color configuration of teTeX/TeXLive
)
Package color Info: Driver file: pdftex.def on input line 130.

("C:\Program Files\MiKTeX 2.7\tex\latex\graphics\pdftex.def"
File: pdftex.def 2007/06/12 v0.04h Graphics/color for pdfTeX
\Gread@gobject=\count92
))
("C:\Program Files\MiKTeX 2.7\tex\latex\hyperref\hyperref.sty"
Package: hyperref 2008/04/24 v6.77u Hypertext links for LaTeX

("C:\Program Files\MiKTeX 2.7\tex\latex\graphics\keyval.sty"
Package: keyval 1999/03/16 v1.13 key=value parser (DPC)
\KV@toks@=\toks17
)
("C:\Program Files\MiKTeX 2.7\tex\latex\oberdiek\hycolor.sty"
Package: hycolor 2007/04/11 v1.1 Code for color options of hyperref/bookmark (H
O)
)
\@linkdim=\dimen104
\Hy@linkcounter=\count93
\Hy@pagecounter=\count94

("C:\Program Files\MiKTeX 2.7\tex\latex\hyperref\pd1enc.def"
File: pd1enc.def 2008/04/24 v6.77u Hyperref: PDFDocEncoding definition (HO)
)
("C:\Program Files\MiKTeX 2.7\tex\generic\oberdiek\etexcmds.sty"
Package: etexcmds 2007/12/12 v1.2 Prefix for e-TeX command names (HO)

("C:\Program Files\MiKTeX 2.7\tex\generic\oberdiek\infwarerr.sty"
Package: infwarerr 2007/09/09 v1.2 Providing info/warning/message (HO)
)
Package etexcmds Info: Could not find \expanded.
(etexcmds)             That can mean that you are not using pdfTeX 1.50 or
(etexcmds)             that some package has redefined \expanded.
(etexcmds)             In the latter case, load this package earlier.
)
("C:\Program Files\MiKTeX 2.7\tex\latex\00miktex\hyperref.cfg"
File: hyperref.cfg 2002/06/06 v1.2 hyperref configuration of TeXLive
)
("C:\Program Files\MiKTeX 2.7\tex\latex\oberdiek\kvoptions.sty"
Package: kvoptions 2007/10/18 v3.0 Keyval support for LaTeX options (HO)
)
Package hyperref Info: Hyper figures OFF on input line 2892.
Package hyperref Info: Link nesting OFF on input line 2897.
Package hyperref Info: Hyper index ON on input line 2900.
Package hyperref Info: Plain pages OFF on input line 2907.
Package hyperref Info: Backreferencing OFF on input line 2912.

Implicit mode ON; LaTeX internals redefined
Package hyperref Info: Bookmarks ON on input line 3071.
LaTeX Info: Redefining \href on input line 3236.
LaTeX Info: Redefining \url on input line 3255.
("C:\Program Files\MiKTeX 2.7\tex\generic\oberdiek\bitset.sty"
Package: bitset 2007/09/28 v1.0 Data type bit set (HO)

("C:\Program Files\MiKTeX 2.7\tex\generic\oberdiek\intcalc.sty"
Package: intcalc 2007/09/27 v1.1 Expandable integer calculations (HO)
)
("C:\Program Files\MiKTeX 2.7\tex\generic\oberdiek\bigintcalc.sty"
Package: bigintcalc 2007/11/11 v1.1 Expandable big integer calculations (HO)

("C:\Program Files\MiKTeX 2.7\tex\generic\oberdiek\pdftexcmds.sty"
Package: pdftexcmds 2007/12/12 v0.3 LuaTeX support for pdfTeX utility functions
 (HO)
Package pdftexcmds Info: LuaTeX not detected on input line 139.
)))
("C:\Program Files\MiKTeX 2.7\tex\generic\oberdiek\kvsetkeys.sty"
Package: kvsetkeys 2007/09/29 v1.3 Key value parser with default handler suppor
t (HO)
)
\Fld@menulength=\count95
\Field@Width=\dimen105
\Fld@charsize=\dimen106
\Field@toks=\toks18
Package hyperref Info: Hyper figures OFF on input line 4169.
Package hyperref Info: Link nesting OFF on input line 4174.
Package hyperref Info: Hyper index ON on input line 4177.
Package hyperref Info: backreferencing OFF on input line 4184.
Package hyperref Info: Link coloring OFF on input line 4189.
Package hyperref Info: Link coloring with OCG OFF on input line 4194.
Package hyperref Info: PDF/A mode OFF on input line 4199.

("C:\Program Files\MiKTeX 2.7\tex\generic\oberdiek\atbegshi.sty"
Package: atbegshi 2007/09/09 v1.6 At begin shipout hook (HO)

("C:\Program Files\MiKTeX 2.7\tex\generic\oberdiek\ifpdf.sty"
Package: ifpdf 2007/12/12 v1.6 Provides the ifpdf switch (HO)
Package ifpdf Info: pdfTeX in pdf mode detected.
))
\Hy@abspage=\count96
\c@Item=\count97
\c@Hfootnote=\count98
)
*hyperref using default driver hpdftex*
("C:\Program Files\MiKTeX 2.7\tex\latex\hyperref\hpdftex.def"
File: hpdftex.def 2008/04/24 v6.77u Hyperref driver for pdfTeX
\Fld@listcount=\count99
)

Package hyperref Warning: Option `hyperindex' has already been used,
(hyperref)                setting the option has no effect on input line 315.

Package hyperref Info: Option `colorlinks' set `true' on input line 315.

Package hyperref Warning: Option `pagebackref' has already been used,
(hyperref)                setting the option has no effect on input line 315.

Package hyperref Info: Option `linktocpage' set `true' on input line 315.
Package hyperref Info: Option `plainpages' set `false' on input line 315.
)
No file fda-manual.aux.
LaTeX Font Info:    Checking defaults for OML/cmm/m/it on input line 3.
LaTeX Font Info:    ... okay on input line 3.
LaTeX Font Info:    Checking defaults for T1/cmr/m/n on input line 3.
LaTeX Font Info:    ... okay on input line 3.
LaTeX Font Info:    Checking defaults for OT1/cmr/m/n on input line 3.
LaTeX Font Info:    ... okay on input line 3.
LaTeX Font Info:    Checking defaults for OMS/cmsy/m/n on input line 3.
LaTeX Font Info:    ... okay on input line 3.
LaTeX Font Info:    Checking defaults for OMX/cmex/m/n on input line 3.
LaTeX Font Info:    ... okay on input line 3.
LaTeX Font Info:    Checking defaults for U/cmr/m/n on input line 3.
LaTeX Font Info:    ... okay on input line 3.
LaTeX Font Info:    Checking defaults for TS1/cmr/m/n on input line 3.
LaTeX Font Info:    Try loading font information for TS1+cmr on input line 3.
("C:\Program Files\MiKTeX 2.7\tex\latex\base\ts1cmr.fd"
File: ts1cmr.fd 1999/05/25 v2.5h Standard LaTeX font definitions
)
LaTeX Font Info:    ... okay on input line 3.
LaTeX Font Info:    Checking defaults for PD1/pdf/m/n on input line 3.
LaTeX Font Info:    ... okay on input line 3.

("C:\Program Files\MiKTeX 2.7\tex\context\base\supp-pdf.tex"
[Loading MPS to PDF converter (version 2006.09.02).]
\scratchcounter=\count100
\scratchdimen=\dimen107
\scratchbox=\box30
\nofMPsegments=\count101
\nofMParguments=\count102
\everyMPshowfont=\toks19
\MPscratchCnt=\count103
\MPscratchDim=\dimen108
\MPnumerator=\count104
\everyMPtoPDFconversion=\toks20
)
Package hyperref Info: Link coloring ON on input line 3.
 ("C:\Program Files\MiKTeX 2.7\tex\latex\hyperref\nameref.sty"
Package: nameref 2007/05/29 v2.31 Cross-referencing by name of section

("C:\Program Files\MiKTeX 2.7\tex\latex\oberdiek\refcount.sty"
Package: refcount 2006/02/20 v3.0 Data extraction from references (HO)
)
\c@section@level=\count105
)
LaTeX Info: Redefining \ref on input line 3.
LaTeX Info: Redefining \pageref on input line 3.
\@outlinefile=\write3
\AtBeginShipoutBox=\box31
LaTeX Font Info:    External font `cmex10' loaded for size
(Font)              <7> on input line 4.
LaTeX Font Info:    External font `cmex10' loaded for size
(Font)              <5> on input line 4.

Overfull \hbox (17.11815pt too wide) in paragraph at lines 44--44
[]\T1/aer/m/n/10 an in-te-ger giv-ing the or-der of a B-spline ba-sis, cre-ate.
bspline.basis(argvals,
 []


Overfull \hbox (7.58574pt too wide) in paragraph at lines 55--58
[]\T1/aer/m/n/10 3. If the di-men-sions of \T1/aett/m/n/10 argvals \T1/aer/m/n/
10 and \T1/aett/m/n/10 y \T1/aer/m/n/10 match and only one is con-tained in ba-
sisobj[['rangeval']],
 []

[1

{C:/ProgramData/MiKTeX/2.7/pdftex/config/pdftex.map}] [2] [3] [4]
LaTeX Font Info:    Try loading font information for TS1+aett on input line 262
.

(C:\PROGRA~1\R\share\texmf\ts1aett.fd
File: ts1aett.fd 
)
LaTeX Font Info:    Try loading font information for TS1+cmtt on input line 262
.

("C:\Program Files\MiKTeX 2.7\tex\latex\base\ts1cmtt.fd"
File: ts1cmtt.fd 1999/05/25 v2.5h Standard LaTeX font definitions
)
LaTeX Font Info:    Font shape `TS1/aett/m/n' in size <9> not available
(Font)              Font shape `TS1/cmtt/m/n' tried instead on input line 262.
 [5] [6]
LaTeX Font Info:    Font shape `TS1/aett/m/n' in size <10> not available
(Font)              Font shape `TS1/cmtt/m/n' tried instead on input line 393.
 [7]
Overfull \hbox (7.79788pt too wide) in paragraph at lines 478--478
\T1/aer/m/n/10 while \T1/aett/m/n/10 fda \T1/aer/m/n/10 rec-om-mends fi-nite Fo
urier se-ries. Ac-cord-ingly, \T1/aett/m/n/10 as.fd.dierckx \T1/aer/m/n/10 if x
[["periodic"]]
 []


Overfull \hbox (6.9851pt too wide) in paragraph at lines 478--478
[]\T1/aer/m/n/10 'dierckx2fd' only trans-lates 'dier-ckx' ob-jects with co-in-c
i-dent bound-ary knots. There-
 []

[8] [9] [10] [11] [12]
Overfull \hbox (7.9059pt too wide) in paragraph at lines 746--754
\T1/aer/m/n/10 an ob-ject of this class must call this func-tion. This in-clude
s func-tions \T1/aett/m/n/10 create.bspline.basis\T1/aer/m/n/10 ,
 []

[13] [14] [15]
Overfull \hbox (47.56935pt too wide) in paragraph at lines 907--920
[][][]\T1/aett/m/n/10 is.basis[][]\T1/aer/m/n/10 , [][]\T1/aett/m/n/10 is.eqbas
is[][]\T1/aer/m/n/10 , [][]\T1/aett/m/n/10 plot.basisfd[][]\T1/aer/m/n/10 , [][
]\T1/aett/m/n/10 getbasismatrix[][]\T1/aer/m/n/10 , [][]\T1/aett/m/n/10 getbasi
spenalty[][]\T1/aer/m/n/10 , [][]\T1/aett/m/n/10 create.bspline.basis[][]\T1/ae
r/m/n/10 ,
 []


Overfull \hbox (73.82555pt too wide) in paragraph at lines 907--920
[][]\T1/aett/m/n/10 create.constant.basis[][]\T1/aer/m/n/10 , [][]\T1/aett/m/n/
10 create.exponential.basis[][]\T1/aer/m/n/10 , [][]\T1/aett/m/n/10 create.four
ier.basis[][]\T1/aer/m/n/10 , [][]\T1/aett/m/n/10 create.monomial.basis[][]\T1/
aer/m/n/10 ,
 []

[16] [17] [18] [19] [20] [21] [22] [23] [24]
Overfull \hbox (0.32616pt too wide) in paragraph at lines 1498--1515
\T1/aer/m/n/10 if(dim(x3)[1]>dim(y3)[1]) stop else y. <- y3[1:dim(x3)[1],,] dim
-names(x) <- list(yNames[[1]],
 []

[25] [26] [27]
Overfull \hbox (24.43115pt too wide) in paragraph at lines 1678--1681
[]\T1/aer/m/n/10 2. if(is.null(x)) han-dle ap-pro-pri-ately: Re-turn FALSE for 
\T1/aett/m/n/10 checkLogical\T1/aer/m/n/10 , TRUE for \T1/aett/m/n/10 checkNume
ric
 []

[28] [29] [30] [31] [32] [33]
Overfull \hbox (27.40845pt too wide) in paragraph at lines 2015--2019
[]\T1/aer/m/n/10 Monomial and poly-no-mial bases are sim-i-lar. As noted in the
 ta-ble be-low, \T1/aett/m/n/10 create.monomial.basis
 []

[34]
Overfull \hbox (7.70996pt too wide) in paragraph at lines 2162--2162
[]\T1/aer/m/n/10 For \T1/aett/m/n/10 monomial \T1/aer/m/n/10 and \T1/aett/m/n/1
0 power \T1/aer/m/n/10 bases, if \T1/aett/m/n/10 nbasis \T1/aer/m/n/10 is not s
pec-i-fied, it de-faults to length(exponents)
 []

[35]
Overfull \hbox (56.83997pt too wide) in paragraph at lines 2175--2183
[][][]\T1/aett/m/n/10 create.bspline.basis[][] [][]create.constant.basis[][] []
[]create.exponential.basis[][] [][]create.fourier.basis[][]
 []


Overfull \hbox (51.59998pt too wide) in paragraph at lines 2175--2183
[][]\T1/aett/m/n/10 create.monomial.basis[][] [][]create.polygonal.basis[][] []
[]create.polynomial.basis[][] [][]create.power.basis[][] 
 []

[36]
Overfull \hbox (4.87253pt too wide) in paragraph at lines 2213--2216
\T1/aer/m/n/10 wise, if \T1/aett/m/n/10 length(rangeval) == 1\T1/aer/m/n/10 , \
T1/aett/m/n/10 rangeval \T1/aer/m/n/10 is re-placed by \T1/aett/m/n/10 c(0,rang
eval)\T1/aer/m/n/10 . 
 []

[37] [38]
Overfull \hbox (0.46568pt too wide) in paragraph at lines 2348--2358
[][][]\T1/aett/m/n/10 basisfd[][]\T1/aer/m/n/10 , [][]\T1/aett/m/n/10 create.co
nstant.basis[][]\T1/aer/m/n/10 , [][]\T1/aett/m/n/10 create.exponential.basis[]
[]\T1/aer/m/n/10 , [][]\T1/aett/m/n/10 create.fourier.basis[][]\T1/aer/m/n/10 ,

 []


Overfull \hbox (60.57567pt too wide) in paragraph at lines 2348--2358
[][]\T1/aett/m/n/10 create.monomial.basis[][]\T1/aer/m/n/10 , [][]\T1/aett/m/n/
10 create.polygonal.basis[][]\T1/aer/m/n/10 , [][]\T1/aett/m/n/10 create.polyno
mial.basis[][]\T1/aer/m/n/10 , [][]\T1/aett/m/n/10 create.power.basis[][]
 []

[39] [40]
Overfull \hbox (60.57567pt too wide) in paragraph at lines 2451--2459
[][]\T1/aett/m/n/10 create.monomial.basis[][]\T1/aer/m/n/10 , [][]\T1/aett/m/n/
10 create.polygonal.basis[][]\T1/aer/m/n/10 , [][]\T1/aett/m/n/10 create.polyno
mial.basis[][]\T1/aer/m/n/10 , [][]\T1/aett/m/n/10 create.power.basis[][] 
 []

[41] [42]
Overfull \hbox (94.75739pt too wide) in paragraph at lines 2558--2566
[][][]\T1/aett/m/n/10 basisfd[][]\T1/aer/m/n/10 , [][]\T1/aett/m/n/10 create.bs
pline.basis[][]\T1/aer/m/n/10 , [][]\T1/aett/m/n/10 create.constant.basis[][]\T
1/aer/m/n/10 , [][]\T1/aett/m/n/10 create.fourier.basis[][]\T1/aer/m/n/10 , [][
]\T1/aett/m/n/10 create.monomial.basis[][]\T1/aer/m/n/10 ,
 []

[43] [44]
Overfull \hbox (0.46568pt too wide) in paragraph at lines 2677--2685
[][][]\T1/aett/m/n/10 basisfd[][]\T1/aer/m/n/10 , [][]\T1/aett/m/n/10 create.bs
pline.basis[][]\T1/aer/m/n/10 , [][]\T1/aett/m/n/10 create.constant.basis[][]\T
1/aer/m/n/10 , [][]\T1/aett/m/n/10 create.exponential.basis[][]\T1/aer/m/n/10 ,

 []


Overfull \hbox (60.57567pt too wide) in paragraph at lines 2677--2685
[][]\T1/aett/m/n/10 create.monomial.basis[][]\T1/aer/m/n/10 , [][]\T1/aett/m/n/
10 create.polygonal.basis[][]\T1/aer/m/n/10 , [][]\T1/aett/m/n/10 create.polyno
mial.basis[][]\T1/aer/m/n/10 , [][]\T1/aett/m/n/10 create.power.basis[][] 
 []


Overfull \hbox (50.30605pt too wide) in paragraph at lines 2728--2730
[]\T1/aer/m/n/10 the num-ber of ba-sis func-tions = \T1/aett/m/n/10 length(expo
nents)\T1/aer/m/n/10 . De-fault = if(is.null(exponents))
 []

[45]
Overfull \hbox (76.04552pt too wide) in paragraph at lines 2795--2804
[][][]\T1/aett/m/n/10 basisfd[][]\T1/aer/m/n/10 , \T1/aett/m/n/10 link{create.b
asis} [][]create.bspline.basis[][]\T1/aer/m/n/10 , [][]\T1/aett/m/n/10 create.c
onstant.basis[][]\T1/aer/m/n/10 , [][]\T1/aett/m/n/10 create.fourier.basis[][]\
T1/aer/m/n/10 ,
 []


Overfull \hbox (76.29564pt too wide) in paragraph at lines 2795--2804
[][]\T1/aett/m/n/10 create.exponential.basis[][]\T1/aer/m/n/10 , [][]\T1/aett/m
/n/10 create.polygonal.basis[][]\T1/aer/m/n/10 , [][]\T1/aett/m/n/10 create.pol
ynomial.basis[][]\T1/aer/m/n/10 , [][]\T1/aett/m/n/10 create.power.basis[][] 
 []

[46]
Overfull \hbox (4.87253pt too wide) in paragraph at lines 2841--2844
\T1/aer/m/n/10 wise, if \T1/aett/m/n/10 length(rangeval) == 1\T1/aer/m/n/10 , \
T1/aett/m/n/10 rangeval \T1/aer/m/n/10 is re-placed by \T1/aett/m/n/10 c(0,rang
eval)\T1/aer/m/n/10 . 
 []


Overfull \hbox (8.70903pt too wide) in paragraph at lines 2845--2848
[]\T1/aer/m/n/10 If length(rangeval)>2 and \T1/aett/m/n/10 argvals \T1/aer/m/n/
10 is not pro-vided, this ex-tra long \T1/aett/m/n/10 rangeval
 []

[47] [48]
Overfull \hbox (68.55743pt too wide) in paragraph at lines 2916--2925
[][][]\T1/aett/m/n/10 basisfd[][]\T1/aer/m/n/10 , [][]\T1/aett/m/n/10 create.bs
pline.basis[][]\T1/aer/m/n/10 , [][]\T1/aett/m/n/10 create.basis[][]\T1/aer/m/n
/10 , [][]\T1/aett/m/n/10 create.constant.basis[][]\T1/aer/m/n/10 , [][]\T1/aet
t/m/n/10 create.exponential.basis[][]\T1/aer/m/n/10 ,
 []


Overfull \hbox (50.09569pt too wide) in paragraph at lines 2916--2925
[][]\T1/aett/m/n/10 create.fourier.basis[][]\T1/aer/m/n/10 , [][]\T1/aett/m/n/1
0 create.monomial.basis[][]\T1/aer/m/n/10 , [][]\T1/aett/m/n/10 create.polynomi
al.basis[][]\T1/aer/m/n/10 , [][]\T1/aett/m/n/10 create.power.basis[][] 
 []

[49]
Overfull \hbox (47.59747pt too wide) in paragraph at lines 3025--3034
[][][]\T1/aett/m/n/10 basisfd[][]\T1/aer/m/n/10 , [][]\T1/aett/m/n/10 create.ba
sis[][]\T1/aer/m/n/10 , [][]\T1/aett/m/n/10 create.bspline.basis[][]\T1/aer/m/n
/10 , [][]\T1/aett/m/n/10 create.constant.basis[][]\T1/aer/m/n/10 , [][]\T1/aet
t/m/n/10 create.fourier.basis[][]\T1/aer/m/n/10 ,
 []


Overfull \hbox (65.81566pt too wide) in paragraph at lines 3025--3034
[][]\T1/aett/m/n/10 create.exponential.basis[][]\T1/aer/m/n/10 , [][]\T1/aett/m
/n/10 create.monomial.basis[][]\T1/aer/m/n/10 , [][]\T1/aett/m/n/10 create.poly
gonal.basis[][]\T1/aer/m/n/10 , [][]\T1/aett/m/n/10 create.power.basis[][] 
 []

[50]
Overfull \hbox (50.30605pt too wide) in paragraph at lines 3069--3071
[]\T1/aer/m/n/10 the num-ber of ba-sis func-tions = \T1/aett/m/n/10 length(expo
nents)\T1/aer/m/n/10 . De-fault = if(is.null(exponents))
 []

[51]
Overfull \hbox (68.55743pt too wide) in paragraph at lines 3143--3152
[][][]\T1/aett/m/n/10 basisfd[][]\T1/aer/m/n/10 , [][]\T1/aett/m/n/10 create.ba
sis[][]\T1/aer/m/n/10 , [][]\T1/aett/m/n/10 create.bspline.basis[][]\T1/aer/m/n
/10 , [][]\T1/aett/m/n/10 create.constant.basis[][]\T1/aer/m/n/10 , [][]\T1/aet
t/m/n/10 create.exponential.basis[][]\T1/aer/m/n/10 ,
 []


Overfull \hbox (71.05565pt too wide) in paragraph at lines 3143--3152
[][]\T1/aett/m/n/10 create.fourier.basis[][]\T1/aer/m/n/10 , [][]\T1/aett/m/n/1
0 create.monomial.basis[][]\T1/aer/m/n/10 , [][]\T1/aett/m/n/10 create.polygona
l.basis[][]\T1/aer/m/n/10 , [][]\T1/aett/m/n/10 create.polynomial.basis[][] 
 []

[52]
Overfull \hbox (8.12592pt too wide) in paragraph at lines 3210--3213
[]\T1/aer/m/n/10 time for ex-po-nen-tial de-cay of exp(-1) un-der con-di-tion =
 'Tc.hot.exponential'
 []


Overfull \hbox (17.71118pt too wide) in paragraph at lines 3235--3235
\T1/aer/m/n/10 'all.hot.ramp', 'all.cool.ramp', 'Tc.hot.exponential', 'Tc.cool.
exponential',
 []

[53]
Overfull \hbox (38.74597pt too wide) in paragraph at lines 3278--3278
[]\T1/aer/m/n/10 Quadrature points cre-ated by 'quad-set' and stored in CSTR-ba
-sis[["quadvals"]][,
 []

[54]
Overfull \hbox (8.82057pt too wide) in paragraph at lines 3320--3320
[]\T1/aer/m/n/10 data.frame(Conc = Cfdsmth[["coef"]], Temp = Tfdsmth[["coef"]])
, where
 []

[55]
Overfull \hbox (42.62567pt too wide) in paragraph at lines 3386--3392
\T1/aer/m/n/10 spec-i-fied by fit-struct[["fit"]], a log-i-cal vec-tor of lengt
h 2. The stan-dard-iza-tion is sqrt(datstruct[["Cwt"]])
 []


Overfull \hbox (10.57631pt too wide) in paragraph at lines 3430--3434
[]\T1/aer/m/n/10 a list with one com-po-nent be-ing a ma-trix with num-ber of r
ows = length(tobs)
 []

[56]
Overfull \hbox (23.698pt too wide) in paragraph at lines 3495--3495
\T1/aer/m/n/10 its com-po-nent Sres first fol-lowed by Lres, us-ing with(CSTRfi
tLS(...)[["res"]],
 []

[57] [58] [59] [60]
LaTeX Font Info:    Try loading font information for TS1+aer on input line 3707
.
 (C:\PROGRA~1\R\share\texmf\ts1aer.fd
File: ts1aer.fd 
)
LaTeX Font Info:    Font shape `TS1/aer/m/n' in size <10> not available
(Font)              Font shape `TS1/cmr/m/n' tried instead on input line 3707.

Overfull \hbox (39.33746pt too wide) in paragraph at lines 3734--3742
[]\T1/aett/m/n/10 \line{Data2fd} [][]smooth.basis[][]\T1/aer/m/n/10 , [][]\T1/a
ett/m/n/10 smooth.basisPar[][]\T1/aer/m/n/10 , [][]\T1/aett/m/n/10 project.basi
s[][]\T1/aer/m/n/10 , [][]\T1/aett/m/n/10 smooth.fd[][]\T1/aer/m/n/10 , [][]\T1
/aett/m/n/10 smooth.monotone[][]\T1/aer/m/n/10 ,
 []

[61] [62] [63]
Overfull \hbox (17.11815pt too wide) in paragraph at lines 3880--3880
[]\T1/aer/m/n/10 an in-te-ger giv-ing the or-der of a B-spline ba-sis, cre-ate.
bspline.basis(argvals,
 []


Overfull \hbox (18.5995pt too wide) in paragraph at lines 3936--3943
[][][]\T1/aett/m/n/10 smooth.basisPar[][]\T1/aer/m/n/10 , [][]\T1/aett/m/n/10 s
mooth.basis[][]\T1/aer/m/n/10 , [][]\T1/aett/m/n/10 project.basis[][]\T1/aer/m/
n/10 , [][]\T1/aett/m/n/10 smooth.fd[][]\T1/aer/m/n/10 , [][]\T1/aett/m/n/10 sm
ooth.monotone[][]\T1/aer/m/n/10 , [][]\T1/aett/m/n/10 smooth.pos[][]
 []

[64] [65] [66] [67] [68] [69] [70] [71] [72]
Overfull \hbox (13.99638pt too wide) in paragraph at lines 4390--4392
[]\T1/aer/m/n/10 a vec-tor con-tain-ing rgu-ment val-ues as-so-ci-ated with the
 val-ues to be smoothed. 
 []

[73] [74] [75] [76] [77] [78] [79] [80] [81] [82] [83] [84] [85] [86] [87]
[88]
Overfull \hbox (18.40442pt too wide) in paragraph at lines 5283--5292
[]\T1/aer/m/n/10 if(is.null(basisobj)) if(is.null(coef)) ba-sisobj <- ba-s-isfd
() else  rc <- range(coef)
 []

[89] [90] [91]
Overfull \hbox (23.58578pt too wide) in paragraph at lines 5522--5525
\T1/aer/m/n/10 If(missing(R.matlab)) in-clude ' R/library/R.matlab/externals' o
nly if R.matlab
 []


Overfull \hbox (3.92021pt too wide) in paragraph at lines 5563--5563
[]\T1/aer/m/n/10 If you have a \T1/aett/m/n/10 startup.m\T1/aer/m/n/10 , you co
uld add the con-tents of \T1/aett/m/n/10 fdaMatlabPath.m \T1/aer/m/n/10 to \T1/
aett/m/n/10 startup.m\T1/aer/m/n/10 . 
 []

[92] [93] [94] [95] [96] [97] [98] [99] [100] [101] [102] [103]
Overfull \hbox (62.22581pt too wide) in paragraph at lines 6200--6200
 []\T1/aett/m/n/9 #See the weather data analyses in the file this-is-escaped-co
denormal-bracket29bracket-normal for[] 
 []


Overfull \hbox (0.91876pt too wide) in paragraph at lines 6201--6201
 []\T1/aett/m/n/9 #examples of the use of function this-is-escaped-codenormal-b
racket30bracket-normal.[] 
 []

[104] [105]
Overfull \hbox (24.4984pt too wide) in paragraph at lines 6306--6306
 []\T1/aett/m/n/9 #examples of all the cases covered by this-is-escaped-codenor
mal-bracket48bracket-normal.[] 
 []

[106] [107] [108] [109] [110] [111] [112] [113] [114]
Overfull \hbox (1.34435pt too wide) in paragraph at lines 6798--6802
[]\T1/aer/m/n/10 a func-tional pa-ram-e-ter ob-ject es-ti-mat-ing the log-inten
sity func-tion $\OML/cmm/m/it/10 W\OT1/cmr/m/n/10 (\OML/cmm/m/it/10 t\OT1/cmr/m
/n/10 ) =
 []

[115] [116] [117] [118] [119] [120]
Overfull \hbox (5.04597pt too wide) in paragraph at lines 7110--7112
[]\T1/aer/m/n/10 the lin-ear dif-fer-en-tial op-er-a-tor ob-ject used to defin-
ing the rough-ness penalty
 []


Overfull \hbox (8.26013pt too wide) in paragraph at lines 7134--7134
 []  \T1/aett/m/n/10 lambda2gcv(log10lambda, argvals, y, fdParobj, wtvec=rep(1,
length(argvals)))[] 
 []

[121] [122] [123] [124] [125] [126]
Overfull \hbox (137.68065pt too wide) in paragraph at lines 7505--7505
 []\T1/aett/m/n/9 #  See the this-is-escaped-codenormal-bracket21bracket-normal
 this-is-escaped-codenormal-bracket22bracket-normal.[] 
 []

[127] [128] [129]
Overfull \hbox (28.56789pt too wide) in paragraph at lines 7685--7689
[]\T1/aer/m/n/10 an op-tional data frame, list or en-vi-ron-ment (or ob-ject co
-ercible by 'as.data.frame'
 []

[130] [131]
Overfull \hbox (48.18468pt too wide) in paragraph at lines 7774--7778
\T1/aer/m/n/10 <- NULL; xNames <- all.vars(mdlx); yNames <- all.vars(mdly). Giv
e an er-ror if as.character(mdly[[2]])
 []

[132] [133] [134]
Overfull \hbox (2.48616pt too wide) in paragraph at lines 7955--7958
[]\T1/aer/m/n/10 These data from the Con-necti-cut Tu-mor Reg-istry present age
-adjusted num-bers of melanoma
 []

[135] [136] [137] [138]
Overfull \hbox (24.54604pt too wide) in paragraph at lines 8194--8196
[]\T1/aer/m/n/10 an ob-ject of some type to which names must be added. If lengt
h(dim(object))>0
 []

[139] [140] [141] [142] [143] [144] [145] [146] [147] [148] [149]
Overfull \hbox (60.49535pt too wide) in paragraph at lines 8816--8818
[]\T1/aer/m/n/10 Defaults to a se-quence of 181 points in the range spec-i-fied
 by fdobj[["basis"]][["rangeval"]]. 
 []


Overfull \hbox (36.2197pt too wide) in paragraph at lines 8819--8821
[]\T1/aer/m/n/10 If(length(evalarg) == 1)it is re-placed by seq(evalarg[1], eva
larg[1]+1, length=181). 
 []


Overfull \hbox (23.4498pt too wide) in paragraph at lines 8822--8824
[]\T1/aer/m/n/10 If(length(evalarg) == 2)it is re-placed by seq(evalarg[1], eva
larg[2], length=181). 
 []

[150] [151] [152] [153] [154] [155] [156] [157] [158]
Overfull \hbox (20.24167pt too wide) in paragraph at lines 9345--9350
\T1/aer/m/n/10 signed to be used af-ter some-thing like \T1/aett/m/n/10 data2fd
\T1/aer/m/n/10 , \T1/aett/m/n/10 smooth.fd\T1/aer/m/n/10 , \T1/aett/m/n/10 smoo
th.basis \T1/aer/m/n/10 or \T1/aett/m/n/10 smoothe.basisPar
 []

[159]
Overfull \hbox (34.99559pt too wide) in paragraph at lines 9386--9397
[][][]\T1/aett/m/n/10 plot[][]\T1/aer/m/n/10 , [][]\T1/aett/m/n/10 plot.fd[][]\
T1/aer/m/n/10 , [][]\T1/aett/m/n/10 lines.fd[][] [][]plot.fdSmooth[][]\T1/aer/m
/n/10 , [][]\T1/aett/m/n/10 lines.fdSmooth[][] [][]par[][] [][]data2fd[][] [][]
smooth.fd[][] [][]smooth.basis[][]
 []

[160] [161] [162] [163] [164] [165] [166] [167] [168] [169] [170] [171]
[172]
Overfull \hbox (28.19617pt too wide) in paragraph at lines 10143--10147
\T1/aett/m/n/10 Wfd \T1/aer/m/n/10 is the same as that de-fines the mono-tone s
mooth-ing func-tion in for func-tion \T1/aett/m/n/10 smooth.monotone.
 []

[173] [174]
Overfull \hbox (48.07803pt too wide) in paragraph at lines 10219--10219
 []\T1/aett/m/n/9 smB.reg.1 <- register.fd(smBv[1:nBoys],WfdParobj=c(Lfdobj=Lfd
obj.growth, lambda=lambda.gr2.3))[] 
 []

[175] [176] [177]
Overfull \hbox (57.99309pt too wide) in paragraph at lines 10446--10451
[][][]\T1/aett/m/n/10 data2fd[][]\T1/aer/m/n/10 , [][]\T1/aett/m/n/10 df2lambda
[][]\T1/aer/m/n/10 , [][]\T1/aett/m/n/10 lambda2df[][]\T1/aer/m/n/10 , [][]\T1/
aett/m/n/10 lambda2gcv[][]\T1/aer/m/n/10 , [][]\T1/aett/m/n/10 plot.fd[][]\T1/a
er/m/n/10 , [][]\T1/aett/m/n/10 project.basis[][]\T1/aer/m/n/10 , [][]\T1/aett/
m/n/10 smooth.fd[][]\T1/aer/m/n/10 , [][]\T1/aett/m/n/10 smooth.monotone[][]\T1
/aer/m/n/10 ,
 []

[178] [179] [180] [181]
Overfull \hbox (21.31316pt too wide) in paragraph at lines 10684--10695
[][][]\T1/aett/m/n/10 Data2fd[][]\T1/aer/m/n/10 , [][]\T1/aett/m/n/10 df2lambda
[][]\T1/aer/m/n/10 , [][]\T1/aett/m/n/10 fdPar[][]\T1/aer/m/n/10 , [][]\T1/aett
/m/n/10 lambda2df[][]\T1/aer/m/n/10 , [][]\T1/aett/m/n/10 lambda2gcv[][]\T1/aer
/m/n/10 , [][]\T1/aett/m/n/10 plot.fd[][]\T1/aer/m/n/10 , [][]\T1/aett/m/n/10 p
roject.basis[][]\T1/aer/m/n/10 , [][]\T1/aett/m/n/10 smooth.basis[][]\T1/aer/m/
n/10 ,
 []

[182] [183] [184] [185] [186] [187] [188] [189] [190] [191] [192] [193]
[194] [195] [196] [197]
Overfull \hbox (21.53708pt too wide) in paragraph at lines 11551--11554
\T1/aer/m/n/10 no-mial in (x-midpoints[i]) for in-ter-val i, where nKnots = len
gth(unique(knots)). 
 []

[198] [199] [200] [201]
Overfull \hbox (80.55502pt too wide) in paragraph at lines 11732--11736
[]\T1/aer/m/n/10 the co-ef-fi-cient ar-ray with di-men-sions fdobj1[["basis"]][
["nbasis"]] by fdobj2[["basis"]][["nbasis"]]
 []

[202] [203] [204] [205] [206] [207] (fda-manual.aux) ) 
Here is how much of TeX's memory you used:
 6468 strings out of 95305
 86911 string characters out of 1183068
 133252 words of memory out of 1500000
 8051 multiletter control sequences out of 110000
 17775 words of font info for 42 fonts, out of 1200000 for 2000
 14 hyphenation exceptions out of 8191
 46i,6n,34p,260b,551s stack positions out of 5000i,500n,10000p,200000b,5000s
pdfTeX warning (dest): na
me{Rfn.range} has been referenced but does not exist, replaced by a fixed one

pdfTeX warning (dest): name{Rfn.summary} has been referenced but does not exist
, replaced by a fixed one

pdfTeX warning (dest): name{Rfn.predict.lm} has been referenced but does not ex
ist, replaced by a fixed one

pdfTeX warning (dest): name{Rfn.predict.lme} has been referenced but does not e
xist, replaced by a fixed one

pdfTeX warning (dest): name{Rfn.plot} has been referenced but does not exist, r
eplaced by a fixed one

pdfTeX warning (dest): name{Rfn.power} has been referenced but does not exist, 
replaced by a fixed one

pdfTeX warning (dest): name{Rfn.mean} has been referenced but does not exist, r
eplaced by a fixed one

pdfTeX warning (dest): name{Rfn.solve.QP} has been referenced but does not exis
t, replaced by a fixed one

pdfTeX warning (dest): name{Rfn.quantile} has been referenced but does not exis
t, replaced by a fixed one

pdfTeX warning (dest): name{Rfn.lm} has been referenced but does not exist, rep
laced by a fixed one

pdfTeX warning (dest): name{Rfn.glsControl} has been referenced but does not ex
ist, replaced by a fixed one

pdfTeX warning (dest): name{Rfn.lmeControl} has been referenced but does not ex
ist, replaced by a fixed one

pdfTeX warning (dest): name{Rfn.lme} has been referenced but does not exist, re
placed by a fixed one

pdfTeX warning (dest): name{Rfn.knots.dierckx} has been referenced but does not
 exist, replaced by a fixed one

pdfTeX warning (dest): name{Rfn.file.copy} has been referenced but does not exi
st, replaced by a fixed one

pdfTeX warning (dest): name{Rfn.Matlab} has been referenced but does not exist,
 replaced by a fixed one

pdfTeX warning (dest): name{Rfn.chol} has been referenced but does not exist, r
eplaced by a fixed one

pdfTeX warning (dest): name{Rfn.qr} has been referenced but does not exist, rep
laced by a fixed one

pdfTeX warning (dest): name{Rfn.svd} has been referenced but does not exist, re
placed by a fixed one

pdfTeX warning (dest): name{Rfn.eigen} has been referenced but does not exist, 
replaced by a fixed one

pdfTeX warning (dest): name{Rfn.colnames} has been referenced but does not exis
t, replaced by a fixed one

pdfTeX warning (dest): name{Rfn.rownames} has been referenced but does not exis
t, replaced by a fixed one

pdfTeX warning (dest): name{Rfn.package.dir} has been referenced but does not e
xist, replaced by a fixed one

pdfTeX warning (dest): name{Rfn.unlist} has been referenced but does not exist,
 replaced by a fixed one

pdfTeX warning (dest): name{Rfn.file.info} has been referenced but does not exi
st, replaced by a fixed one

pdfTeX warning (dest): name{Rfn.dir} has been referenced but does not exist, re
placed by a fixed one

pdfTeX warning (dest): name{Rfn.deriv} has been referenced but does not exist, 
replaced by a fixed one

pdfTeX warning (dest): name{Rfn.density} has been referenced but does not exist
, replaced by a fixed one

pdfTeX warning (dest): name{Rfn.nls} has been referenced but does not exist, re
placed by a fixed one

pdfTeX warning (dest): name{Rfn.lsoda} has been referenced but does not exist, 
replaced by a fixed one

pdfTeX warning (dest): name{Rfn.spline.des} has been referenced but does not ex
ist, replaced by a fixed one

pdfTeX warning (dest): name{Rfn.splineDesign} has been referenced but does not 
exist, replaced by a fixed one

pdfTeX warning (dest): name{Rfn.coef} has been referenced but does not exist, r
eplaced by a fixed one

pdfTeX warning (dest): name{Rfn.isVectorAtomic} has been referenced but does no
t exist, replaced by a fixed one

pdfTeX warning (dest): name{Rfn.checkScalarType} has been referenced but does n
ot exist, replaced by a fixed one

pdfTeX warning (dest): name{Rfn.checkRange} has been referenced but does not ex
ist, replaced by a fixed one

pdfTeX warning (dest): name{Rfn.checkVectorType} has been referenced but does n
ot exist, replaced by a fixed one

pdfTeX warning (dest): name{Rfn.month.abb} has been referenced but does not exi
st, replaced by a fixed one

pdfTeX warning (dest): name{Rfn.par} has been referenced but does not exist, re
placed by a fixed one

pdfTeX warning (dest): name{Rfn.axis} has been referenced but does not exist, r
eplaced by a fixed one

pdfTeX warning (dest): name{Rfn.splinefun} has been referenced but does not exi
st, replaced by a fixed one

pdfTeX warning (dest): name{Rfn.curfit} has been referenced but does not exist,
 replaced by a fixed one

pdfTeX warning (dest): name{Rfn.as.dierckx} has been referenced but does not ex
ist, replaced by a fixed one

pdfTeX warning (dest): name{Rfn.dimnames} has been referenced but does not exis
t, replaced by a fixed one

pdfTeX warning (dest): name{Rfn.dim} has been referenced but does not exist, re
placed by a fixed one

 <C:\ProgramData\MiKTeX\2.7\fonts\pk\ljfour\jknappen\ec\dpi600\tcrm1000.pk> <C:
\ProgramData\MiKTeX\2.7\fonts\pk\ljfour\jknappen\ec\dpi600\tctt1000.pk> <C:\Pro
gramData\MiKTeX\2.7\fonts\pk\ljfour\jknappen\ec\dpi600\tctt0900.pk><C:/Program 
Files/MiKTeX 2.7/fonts/type1/bluesky/cm/cmbx10.pfb><C:/Program Files/MiKTeX 2.7
/fonts/type1/bluesky/cm/cmmi10.pfb><C:/Program Files/MiKTeX 2.7/fonts/type1/blu
esky/cm/cmmi7.pfb><C:/Program Files/MiKTeX 2.7/fonts/type1/bluesky/cm/cmr10.pfb
><C:/Program Files/MiKTeX 2.7/fonts/type1/bluesky/cm/cmr7.pfb><C:/Program Files
/MiKTeX 2.7/fonts/type1/bluesky/cm/cmsy10.pfb><C:/Program Files/MiKTeX 2.7/font
s/type1/bluesky/cm/cmsy7.pfb><C:/Program Files/MiKTeX 2.7/fonts/type1/bluesky/c
m/cmti10.pfb><C:/Program Files/MiKTeX 2.7/fonts/type1/bluesky/cm/cmtt10.pfb><C:
/Program Files/MiKTeX 2.7/fonts/type1/bluesky/cm/cmtt9.pfb>
Output written on fda-manual.pdf (207 pages, 852944 bytes).
PDF statistics:
 3042 PDF objects out of 3580 (max. 8388607)
 1552 named destinations out of 1728 (max. 131072)
 17 words of extra memory for PDF output out of 10000 (max. 10000000)

