\BOOKMARK [1][-]{Rfn.argvalsy.swap.1}{argvalsy.swap}{}
\BOOKMARK [1][-]{Rfn.arithmetic.basisfd.1}{arithmetic.basisfd}{}
\BOOKMARK [1][-]{Rfn.arithmetic.fd.1}{arithmetic.fd}{}
\BOOKMARK [1][-]{Rfn.as.array3.1}{as.array3}{}
\BOOKMARK [1][-]{Rfn.as.fd.1}{as.fd}{}
\BOOKMARK [1][-]{Rfn.axisIntervals.1}{axisIntervals}{}
\BOOKMARK [1][-]{Rfn.basisfd.product.1}{basisfd.product}{}
\BOOKMARK [1][-]{Rfn.basisfd.1}{basisfd}{}
\BOOKMARK [1][-]{Rfn.bifd.1}{bifd}{}
\BOOKMARK [1][-]{Rfn.bsplinepen.1}{bsplinepen}{}
\BOOKMARK [1][-]{Rfn.bsplineS.1}{bsplineS}{}
\BOOKMARK [1][-]{Rfn.CanadianWeather.1}{CanadianWeather}{}
\BOOKMARK [1][-]{Rfn.cca.fd.1}{cca.fd}{}
\BOOKMARK [1][-]{Rfn.center.fd.1}{center.fd}{}
\BOOKMARK [1][-]{Rfn.checkDims3.1}{checkDims3}{}
\BOOKMARK [1][-]{Rfn.checkLogicalInteger.1}{checkLogicalInteger}{}
\BOOKMARK [1][-]{Rfn.coef.fd.1}{coef.fd}{}
\BOOKMARK [1][-]{Rfn.cor.fd.1}{cor.fd}{}
\BOOKMARK [1][-]{Rfn.create.bspline.basis.1}{create.bspline.basis}{}
\BOOKMARK [1][-]{Rfn.create.constant.basis.1}{create.constant.basis}{}
\BOOKMARK [1][-]{Rfn.create.exponential.basis.1}{create.exponential.basis}{}
\BOOKMARK [1][-]{Rfn.create.fourier.basis.1}{create.fourier.basis}{}
\BOOKMARK [1][-]{Rfn.create.monomial.basis.1}{create.monomial.basis}{}
\BOOKMARK [1][-]{Rfn.create.polygonal.basis.1}{create.polygonal.basis}{}
\BOOKMARK [1][-]{Rfn.create.polynomial.basis.1}{create.polynomial.basis}{}
\BOOKMARK [1][-]{Rfn.create.power.basis.1}{create.power.basis}{}
\BOOKMARK [1][-]{Rfn.CSTR.1}{CSTR}{}
\BOOKMARK [1][-]{Rfn.cycleplot.fd.1}{cycleplot.fd}{}
\BOOKMARK [1][-]{Rfn.data2fd.old.1}{data2fd.old}{}
\BOOKMARK [1][-]{Rfn.Data2fd.1}{Data2fd}{}
\BOOKMARK [1][-]{Rfn.dateAccessories.1}{dateAccessories}{}
\BOOKMARK [1][-]{Rfn.density.fd.1}{density.fd}{}
\BOOKMARK [1][-]{Rfn.deriv.fd.1}{deriv.fd}{}
\BOOKMARK [1][-]{Rfn.df2lambda.1}{df2lambda}{}
\BOOKMARK [1][-]{Rfn.dirs.1}{dirs}{}
\BOOKMARK [1][-]{Rfn.Eigen.1}{Eigen}{}
\BOOKMARK [1][-]{Rfn.eval.basis.1}{eval.basis}{}
\BOOKMARK [1][-]{Rfn.eval.bifd.1}{eval.bifd}{}
\BOOKMARK [1][-]{Rfn.eval.fd.1}{eval.fd}{}
\BOOKMARK [1][-]{Rfn.eval.monfd.1}{eval.monfd}{}
\BOOKMARK [1][-]{Rfn.eval.penalty.1}{eval.penalty}{}
\BOOKMARK [1][-]{Rfn.eval.posfd.1}{eval.posfd}{}
\BOOKMARK [1][-]{Rfn.evaldiag.bifd.1}{evaldiag.bifd}{}
\BOOKMARK [1][-]{Rfn.expect.phi.1}{expect.phi}{}
\BOOKMARK [1][-]{Rfn.expon.1}{expon}{}
\BOOKMARK [1][-]{Rfn.exponpen.1}{exponpen}{}
\BOOKMARK [1][-]{Rfn.fd.1}{fd}{}
\BOOKMARK [1][-]{Rfn.fda.Rdash.internal.1}{fda-internal}{}
\BOOKMARK [1][-]{Rfn.fda.Rdash.package.1}{fda-package}{}
\BOOKMARK [1][-]{Rfn.fdaMatlabPath.1}{fdaMatlabPath}{}
\BOOKMARK [1][-]{Rfn.fdPar.1}{fdPar}{}
\BOOKMARK [1][-]{Rfn.file.copy2.1}{file.copy2}{}
\BOOKMARK [1][-]{Rfn.fourier.1}{fourier}{}
\BOOKMARK [1][-]{Rfn.fourierpen.1}{fourierpen}{}
\BOOKMARK [1][-]{Rfn.Fperm.fd.1}{Fperm.fd}{}
\BOOKMARK [1][-]{Rfn.fRegress.CV.1}{fRegress.CV}{}
\BOOKMARK [1][-]{Rfn.fRegress.stderr.1}{fRegress.stderr}{}
\BOOKMARK [1][-]{Rfn.fRegress.1}{fRegress}{}
\BOOKMARK [1][-]{Rfn.Fstat.fd.1}{Fstat.fd}{}
\BOOKMARK [1][-]{Rfn.gait.1}{gait}{}
\BOOKMARK [1][-]{Rfn.getbasismatrix.1}{getbasismatrix}{}
\BOOKMARK [1][-]{Rfn.getbasispenalty.1}{getbasispenalty}{}
\BOOKMARK [1][-]{Rfn.getbasisrange.1}{getbasisrange}{}
\BOOKMARK [1][-]{Rfn.growth.1}{growth}{}
\BOOKMARK [1][-]{Rfn.handwrit.1}{handwrit}{}
\BOOKMARK [1][-]{Rfn.inprod.bspline.1}{inprod.bspline}{}
\BOOKMARK [1][-]{Rfn.inprod.1}{inprod}{}
\BOOKMARK [1][-]{Rfn.int2Lfd.1}{int2Lfd}{}
\BOOKMARK [1][-]{Rfn.intensity.fd.1}{intensity.fd}{}
\BOOKMARK [1][-]{Rfn.is.basis.1}{is.basis}{}
\BOOKMARK [1][-]{Rfn.is.fd.1}{is.fd}{}
\BOOKMARK [1][-]{Rfn.is.fdPar.1}{is.fdPar}{}
\BOOKMARK [1][-]{Rfn.is.Lfd.1}{is.Lfd}{}
\BOOKMARK [1][-]{Rfn.knots.fd.1}{knots.fd}{}
\BOOKMARK [1][-]{Rfn.lambda2df.1}{lambda2df}{}
\BOOKMARK [1][-]{Rfn.lambda2gcv.1}{lambda2gcv}{}
\BOOKMARK [1][-]{Rfn.landmarkreg.1}{landmarkreg}{}
\BOOKMARK [1][-]{Rfn.Lfd.1}{Lfd}{}
\BOOKMARK [1][-]{Rfn.lines.fd.1}{lines.fd}{}
\BOOKMARK [1][-]{Rfn.linmod.1}{linmod}{}
\BOOKMARK [1][-]{Rfn.lip.1}{lip}{}
\BOOKMARK [1][-]{Rfn.lmeWinsor.1}{lmeWinsor}{}
\BOOKMARK [1][-]{Rfn.lmWinsor.1}{lmWinsor}{}
\BOOKMARK [1][-]{Rfn.mean.fd.1}{mean.fd}{}
\BOOKMARK [1][-]{Rfn.melanoma.1}{melanoma}{}
\BOOKMARK [1][-]{Rfn.monomial.1}{monomial}{}
\BOOKMARK [1][-]{Rfn.monomialpen.1}{monomialpen}{}
\BOOKMARK [1][-]{Rfn.nondurables.1}{nondurables}{}
\BOOKMARK [1][-]{Rfn.norder.1}{norder}{}
\BOOKMARK [1][-]{Rfn.objAndNames.1}{objAndNames}{}
\BOOKMARK [1][-]{Rfn.odesolv.1}{odesolv}{}
\BOOKMARK [1][-]{Rfn.onechild.1}{onechild}{}
\BOOKMARK [1][-]{Rfn.pca.fd.1}{pca.fd}{}
\BOOKMARK [1][-]{Rfn.pda.fd.1}{pda.fd}{}
\BOOKMARK [1][-]{Rfn.phaseplanePlot.1}{phaseplanePlot}{}
\BOOKMARK [1][-]{Rfn.pinch.1}{pinch}{}
\BOOKMARK [1][-]{Rfn.plot.basisfd.1}{plot.basisfd}{}
\BOOKMARK [1][-]{Rfn.plot.fd.1}{plot.fd}{}
\BOOKMARK [1][-]{Rfn.plot.lmWinsor.1}{plot.lmWinsor}{}
\BOOKMARK [1][-]{Rfn.plot.pca.fd.1}{plot.pca.fd}{}
\BOOKMARK [1][-]{Rfn.plotfit.1}{plotfit}{}
\BOOKMARK [1][-]{Rfn.plotscores.1}{plotscores}{}
\BOOKMARK [1][-]{Rfn.polyg.1}{polyg}{}
\BOOKMARK [1][-]{Rfn.polygpen.1}{polygpen}{}
\BOOKMARK [1][-]{Rfn.powerbasis.1}{powerbasis}{}
\BOOKMARK [1][-]{Rfn.powerpen.1}{powerpen}{}
\BOOKMARK [1][-]{Rfn.predict.lmeWinsor.1}{predict.lmeWinsor}{}
\BOOKMARK [1][-]{Rfn.predict.lmWinsor.1}{predict.lmWinsor}{}
\BOOKMARK [1][-]{Rfn.project.basis.1}{project.basis}{}
\BOOKMARK [1][-]{Rfn.quadset.1}{quadset}{}
\BOOKMARK [1][-]{Rfn.refinery.1}{refinery}{}
\BOOKMARK [1][-]{Rfn.register.fd.1}{register.fd}{}
\BOOKMARK [1][-]{Rfn.sd.fd.1}{sd.fd}{}
\BOOKMARK [1][-]{Rfn.smooth.basis.1}{smooth.basis}{}
\BOOKMARK [1][-]{Rfn.smooth.basisPar.1}{smooth.basisPar}{}
\BOOKMARK [1][-]{Rfn.smooth.fd.1}{smooth.fd}{}
\BOOKMARK [1][-]{Rfn.smooth.fdPar.1}{smooth.fdPar}{}
\BOOKMARK [1][-]{Rfn.smooth.monotone.1}{smooth.monotone}{}
\BOOKMARK [1][-]{Rfn.smooth.morph.1}{smooth.morph}{}
\BOOKMARK [1][-]{Rfn.smooth.pos.1}{smooth.pos}{}
\BOOKMARK [1][-]{Rfn.sum.fd.1}{sum.fd}{}
\BOOKMARK [1][-]{Rfn.summary.basisfd.1}{summary.basisfd}{}
\BOOKMARK [1][-]{Rfn.summary.bifd.1}{summary.bifd}{}
\BOOKMARK [1][-]{Rfn.summary.fd.1}{summary.fd}{}
\BOOKMARK [1][-]{Rfn.summary.fdPar.1}{summary.fdPar}{}
\BOOKMARK [1][-]{Rfn.summary.Lfd.1}{summary.Lfd}{}
\BOOKMARK [1][-]{Rfn.svd2.1}{svd2}{}
\BOOKMARK [1][-]{Rfn.TaylorSpline.1}{TaylorSpline}{}
\BOOKMARK [1][-]{Rfn.tperm.fd.1}{tperm.fd}{}
\BOOKMARK [1][-]{Rfn.var.fd.1}{var.fd}{}
\BOOKMARK [1][-]{Rfn.varmx.cca.fd.1}{varmx.cca.fd}{}
\BOOKMARK [1][-]{Rfn.varmx.pca.fd.1}{varmx.pca.fd}{}
\BOOKMARK [1][-]{Rfn.varmx.1}{varmx}{}
\BOOKMARK [1][-]{Rfn.vec2Lfd.1}{vec2Lfd}{}
\BOOKMARK [1][-]{Rfn.zerofind.1}{zerofind}{}
